2025-05-15 17:52:17 - Starting RestservicebackendApplication using Java 17.0.1 with PID 2668 (E:\sravan\malaysiajobs\maybankassessment\workspace\sourceocde\restservicebackend\target\classes started by Sravan in E:\sravan\malaysiajobs\maybankassessment\workspace\sourceocde\restservicebackend)
2025-05-15 17:52:17 - No active profile set, falling back to 1 default profile: "default"
2025-05-15 17:52:17 - Bootstrapping Spring Data JPA repositories in DEFAULT mode.
2025-05-15 17:52:17 - Finished Spring Data repository scanning in 1 ms. Found 0 JPA repository interfaces.
2025-05-15 17:52:18 - Tomcat initialized with port 9090 (http)
2025-05-15 17:52:18 - Starting service [Tomcat]
2025-05-15 17:52:18 - Starting Servlet engine: [Apache Tomcat/10.1.40]
2025-05-15 17:52:18 - Initializing Spring embedded WebApplicationContext
2025-05-15 17:52:18 - Root WebApplicationContext: initialization completed in 288 ms
2025-05-15 17:52:18 - HHH000204: Processing PersistenceUnitInfo [name: default]
2025-05-15 17:52:18 - HHH000026: Second-level cache disabled
2025-05-15 17:52:18 - No LoadTimeWeaver setup: ignoring JPA class transformer
2025-05-15 17:52:18 - HikariPool-11 - Starting...
2025-05-15 17:52:18 - HikariPool-11 - Added connection com.mysql.cj.jdbc.ConnectionImpl@3ce18731
2025-05-15 17:52:18 - HikariPool-11 - Start completed.
2025-05-15 17:52:18 - HHH90000025: MySQLDialect does not need to be specified explicitly using 'hibernate.dialect' (remove the property setting and it will be selected by default)
2025-05-15 17:52:18 - HHH10001005: Database info:
	Database JDBC URL [Connecting through datasource 'HikariDataSource (HikariPool-11)']
	Database driver: undefined/unknown
	Database version: 8.0.39
	Autocommit mode: undefined/unknown
	Isolation level: undefined/unknown
	Minimum pool size: undefined/unknown
	Maximum pool size: undefined/unknown
2025-05-15 17:52:18 - HHH000489: No JTA platform available (set 'hibernate.transaction.jta.platform' to enable JTA platform integration)
2025-05-15 17:52:18 - Initialized JPA EntityManagerFactory for persistence unit 'default'
2025-05-15 17:52:18 - spring.jpa.open-in-view is enabled by default. Therefore, database queries may be performed during view rendering. Explicitly configure spring.jpa.open-in-view to disable this warning
2025-05-15 17:52:18 - Unable to start LiveReload server
2025-05-15 17:52:18 - Tomcat started on port 9090 (http) with context path '/'
2025-05-15 17:52:18 - Started RestservicebackendApplication in 0.644 seconds (process running for 735.918)
2025-05-15 17:52:18 - Condition evaluation unchanged
2025-05-15 17:52:34 - Restarting due to 1 class path change (0 additions, 1 deletion, 0 modifications)
2025-05-15 17:52:34 - Commencing graceful shutdown. Waiting for active requests to complete
2025-05-15 17:52:34 - Graceful shutdown complete
2025-05-15 17:52:34 - Closing JPA EntityManagerFactory for persistence unit 'default'
2025-05-15 17:52:34 - HikariPool-11 - Shutdown initiated...
2025-05-15 17:52:34 - HikariPool-11 - Shutdown completed.
